<?xml version="1.0" encoding="UTF-8"?>
<!-- Generated by org.testng.reporters.JUnitXMLReporter -->
<testsuite ignored="0" hostname="FTTEMP-002" failures="0" tests="24" name="User2Test" time="1.279" errors="0" timestamp="2025-11-03T15:49:13 IST">
  <testcase classname="keyword.framework.KeywordDrivenFramework.KeywordDrivenTest" name="runLoginTest" time="0.0">
    <skipped/>
  </testcase> <!-- runLoginTest -->
  <testcase classname="keyword.framework.KeywordDrivenFramework.KeywordDrivenTest" name="runLoginTest" time="0.0">
    <skipped/>
  </testcase> <!-- runLoginTest -->
  <testcase classname="keyword.framework.KeywordDrivenFramework.KeywordDrivenTest" name="runPurchaseTest" time="0.0">
    <skipped/>
  </testcase> <!-- runPurchaseTest -->
  <testcase classname="keyword.framework.KeywordDrivenFramework.KeywordDrivenTest" name="runPurchaseTest" time="0.0">
    <skipped/>
  </testcase> <!-- runPurchaseTest -->
  <testcase classname="keyword.framework.KeywordDrivenFramework.KeywordDrivenTest" name="runPurchaseTest" time="0.0">
    <skipped/>
  </testcase> <!-- runPurchaseTest -->
  <testcase classname="keyword.framework.KeywordDrivenFramework.KeywordDrivenTest" name="runPurchaseTest" time="0.0">
    <skipped/>
  </testcase> <!-- runPurchaseTest -->
  <testcase classname="keyword.framework.KeywordDrivenFramework.KeywordDrivenTest" name="runPurchaseTest" time="0.0">
    <skipped/>
  </testcase> <!-- runPurchaseTest -->
  <testcase classname="keyword.framework.KeywordDrivenFramework.KeywordDrivenTest" name="runPurchaseTest" time="0.0">
    <skipped/>
  </testcase> <!-- runPurchaseTest -->
  <testcase classname="keyword.framework.KeywordDrivenFramework.KeywordDrivenTest" name="runPurchaseTest" time="0.0">
    <skipped/>
  </testcase> <!-- runPurchaseTest -->
  <testcase classname="keyword.framework.KeywordDrivenFramework.KeywordDrivenTest" name="runPurchaseTest" time="0.0">
    <skipped/>
  </testcase> <!-- runPurchaseTest -->
  <testcase classname="keyword.framework.KeywordDrivenFramework.KeywordDrivenTest" name="runPurchaseTest" time="0.0">
    <skipped/>
  </testcase> <!-- runPurchaseTest -->
  <testcase classname="keyword.framework.KeywordDrivenFramework.KeywordDrivenTest" name="runPurchaseTest" time="0.001">
    <skipped/>
  </testcase> <!-- runPurchaseTest -->
  <testcase classname="keyword.framework.KeywordDrivenFramework.KeywordDrivenTest" name="runRemoveTest" time="0.0">
    <skipped/>
  </testcase> <!-- runRemoveTest -->
  <testcase classname="keyword.framework.KeywordDrivenFramework.KeywordDrivenTest" name="runRemoveTest" time="0.0">
    <skipped/>
  </testcase> <!-- runRemoveTest -->
  <testcase classname="keyword.framework.KeywordDrivenFramework.KeywordDrivenTest" name="runRemoveTest" time="0.0">
    <skipped/>
  </testcase> <!-- runRemoveTest -->
  <testcase classname="keyword.framework.KeywordDrivenFramework.KeywordDrivenTest" name="runRemoveTest" time="0.0">
    <skipped/>
  </testcase> <!-- runRemoveTest -->
  <testcase classname="keyword.framework.KeywordDrivenFramework.KeywordDrivenTest" name="runRemoveTest" time="0.0">
    <skipped/>
  </testcase> <!-- runRemoveTest -->
  <testcase classname="keyword.framework.KeywordDrivenFramework.KeywordDrivenTest" name="runRemoveTest" time="0.0">
    <skipped/>
  </testcase> <!-- runRemoveTest -->
  <testcase classname="keyword.framework.KeywordDrivenFramework.KeywordDrivenTest" name="runRemoveTest" time="0.0">
    <skipped/>
  </testcase> <!-- runRemoveTest -->
  <testcase classname="keyword.framework.KeywordDrivenFramework.KeywordDrivenTest" name="runRemoveTest" time="0.0">
    <skipped/>
  </testcase> <!-- runRemoveTest -->
  <testcase classname="keyword.framework.KeywordDrivenFramework.KeywordDrivenTest" name="runRemoveTest" time="0.0">
    <skipped/>
  </testcase> <!-- runRemoveTest -->
  <testcase classname="keyword.framework.KeywordDrivenFramework.KeywordDrivenTest" name="runRemoveTest" time="0.0">
    <skipped/>
  </testcase> <!-- runRemoveTest -->
  <testcase classname="keyword.framework.KeywordDrivenFramework.KeywordDrivenTest" name="runSignoutTest" time="0.0">
    <skipped/>
  </testcase> <!-- runSignoutTest -->
  <testcase classname="keyword.framework.KeywordDrivenFramework.KeywordDrivenTest" name="runSignoutTest" time="0.0">
    <skipped/>
  </testcase> <!-- runSignoutTest -->
</testsuite> <!-- User2Test -->
