<?xml version="1.0" encoding="UTF-8"?>
<!-- Generated by org.testng.reporters.JUnitXMLReporter -->
<testsuite ignored="0" hostname="FTTEMP-002" failures="0" tests="5" name="AmazonParallelTest" time="0.896" errors="0" timestamp="2025-11-17T15:50:05 IST">
  <testcase classname="keyword.framework.KeywordDrivenFramework.KeywordDrivenTest" name="@BeforeClass setUp" time="-1.763374805015E9">
    <failure type="org.testng.TestNGException" message="
Parameter &amp;apos;userName&amp;apos; is required by BeforeClass on method setUp but has not been marked @Optional or defined
in C:\Users\flintsoftuser\KeywordDrivenFramework\testng.xml">
      <![CDATA[org.testng.TestNGException: 
Parameter 'userName' is required by BeforeClass on method setUp but has not been marked @Optional or defined
in C:\Users\flintsoftuser\KeywordDrivenFramework\testng.xml
at java.base/java.util.concurrent.Executors$RunnableAdapter.call(Executors.java:545)
at java.base/java.util.concurrent.FutureTask.run(FutureTask.java:328)
at java.base/java.util.concurrent.ThreadPoolExecutor.runWorker(ThreadPoolExecutor.java:1095)
at java.base/java.util.concurrent.ThreadPoolExecutor$Worker.run(ThreadPoolExecutor.java:619)
at java.base/java.lang.Thread.run(Thread.java:1447)
... Removed 8 stack frames]]>
    </failure>
  </testcase> <!-- @BeforeClass setUp -->
  <testcase classname="keyword.framework.KeywordDrivenFramework.KeywordDrivenTest" name="@AfterClass tearDown" time="0.0">
    <skipped/>
  </testcase> <!-- @AfterClass tearDown -->
  <testcase classname="keyword.framework.KeywordDrivenFramework.KeywordDrivenTest" name="runPurchaseFlow" time="0.001">
    <skipped/>
  </testcase> <!-- runPurchaseFlow -->
  <testcase classname="keyword.framework.KeywordDrivenFramework.KeywordDrivenTest" name="runPurchaseFlow" time="0.005">
    <skipped/>
  </testcase> <!-- runPurchaseFlow -->
  <testcase classname="keyword.framework.KeywordDrivenFramework.KeywordDrivenTest" name="runPurchaseFlow" time="0.0">
    <skipped/>
  </testcase> <!-- runPurchaseFlow -->
  <testcase classname="keyword.framework.KeywordDrivenFramework.KeywordDrivenTest" name="runPurchaseFlow" time="0.0">
    <skipped/>
  </testcase> <!-- runPurchaseFlow -->
  <testcase classname="keyword.framework.KeywordDrivenFramework.KeywordDrivenTest" name="runPurchaseFlow" time="0.0">
    <skipped/>
  </testcase> <!-- runPurchaseFlow -->
</testsuite> <!-- AmazonParallelTest -->
