<html>
<head>
<title>TestNG:  AmazonParallelTest</title>
<link href="../testng.css" rel="stylesheet" type="text/css" />
<link href="../my-testng.css" rel="stylesheet" type="text/css" />

<style type="text/css">
.log { display: none;} 
.stack-trace { display: none;} 
</style>
<script type="text/javascript">
<!--
function flip(e) {
  current = e.style.display;
  if (current == 'block') {
    e.style.display = 'none';
    return 0;
  }
  else {
    e.style.display = 'block';
    return 1;
  }
}

function toggleBox(szDivId, elem, msg1, msg2)
{
  var res = -1;  if (document.getElementById) {
    res = flip(document.getElementById(szDivId));
  }
  else if (document.all) {
    // this is the way old msie versions work
    res = flip(document.all[szDivId]);
  }
  if(elem) {
    if(res == 0) elem.innerHTML = msg1; else elem.innerHTML = msg2;
  }

}

function toggleAllBoxes() {
  if (document.getElementsByTagName) {
    d = document.getElementsByTagName('div');
    for (i = 0; i < d.length; i++) {
      if (d[i].className == 'log') {
        flip(d[i]);
      }
    }
  }
}

// -->
</script>

</head>
<body>
<h2 align='center'>AmazonParallelTest</h2><table border='1' align="center">
<tr>
<td>Tests passed/Failed/Skipped:</td><td>0/0/5</td>
</tr><tr>
<td>Started on:</td><td>Mon Nov 17 15:50:04 IST 2025</td>
</tr>
<tr><td>Total time:</td><td>0 seconds (896 ms)</td>
</tr><tr>
<td>Included groups:</td><td></td>
</tr><tr>
<td>Excluded groups:</td><td></td>
</tr>
</table><p/>
<small><i>(Hover the method name to see the test class name)</i></small><p/>
<table width='100%' border='1' class='invocation-failed'>
<tr><td colspan='4' align='center'><b>FAILED CONFIGURATIONS</b></td></tr>
<tr><td><b>Test method</b></td>
<td><b>Attribute(s)</b></td>
<td width="30%"><b>Exception</b></td>
<td width="10%"><b>Time (seconds)</b></td>
<td><b>Instance</b></td>
</tr>
<tr>
<td title='keyword.framework.KeywordDrivenFramework.KeywordDrivenTest.setUp()'><b>setUp</b><br>Test class: keyword.framework.KeywordDrivenFramework.KeywordDrivenTest</td>
<td><div><pre>org.testng.TestNGException: 
Parameter &apos;userName&apos; is required by BeforeClass on method setUp but has not been marked @Optional or defined
in C:\Users\flintsoftuser\KeywordDrivenFramework\testng.xml
	at java.base/java.util.concurrent.Executors$RunnableAdapter.call(Executors.java:545)
	at java.base/java.util.concurrent.FutureTask.run(FutureTask.java:328)
	at java.base/java.util.concurrent.ThreadPoolExecutor.runWorker(ThreadPoolExecutor.java:1095)
	at java.base/java.util.concurrent.ThreadPoolExecutor$Worker.run(ThreadPoolExecutor.java:619)
	at java.base/java.lang.Thread.run(Thread.java:1447)
... Removed 8 stack frames</pre></div><a href='#' onClick='toggleBox("stack-trace1857202741", this, "Click to show all stack frames", "Click to hide stack frames")'>Click to show all stack frames</a>
<div class='stack-trace' id='stack-trace1857202741'><pre>org.testng.TestNGException: 
Parameter &apos;userName&apos; is required by BeforeClass on method setUp but has not been marked @Optional or defined
in C:\Users\flintsoftuser\KeywordDrivenFramework\testng.xml
	at org.testng.internal.Parameters.createParams(Parameters.java:264)
	at org.testng.internal.Parameters.createParametersForMethod(Parameters.java:352)
	at org.testng.internal.Parameters.createParameters(Parameters.java:690)
	at org.testng.internal.Parameters.createConfigurationParameters(Parameters.java:163)
	at org.testng.internal.invokers.ConfigInvoker.invokeConfigurations(ConfigInvoker.java:313)
	at org.testng.internal.invokers.TestMethodWorker.invokeBeforeClassMethods(TestMethodWorker.java:188)
	at org.testng.internal.invokers.TestMethodWorker.run(TestMethodWorker.java:128)
	at java.base/java.util.concurrent.Executors$RunnableAdapter.call(Executors.java:545)
	at java.base/java.util.concurrent.FutureTask.run(FutureTask.java:328)
	at org.testng.internal.thread.graph.TestNGFutureTask.run(TestNGFutureTask.java:22)
	at java.base/java.util.concurrent.ThreadPoolExecutor.runWorker(ThreadPoolExecutor.java:1095)
	at java.base/java.util.concurrent.ThreadPoolExecutor$Worker.run(ThreadPoolExecutor.java:619)
	at java.base/java.lang.Thread.run(Thread.java:1447)
</pre></div></td>
<td>-1763374805</td>
<td>keyword.framework.KeywordDrivenFramework.KeywordDrivenTest@1b7c473a</td></tr>
</table><p>
<table width='100%' border='1' class='invocation-skipped'>
<tr><td colspan='4' align='center'><b>SKIPPED CONFIGURATIONS</b></td></tr>
<tr><td><b>Test method</b></td>
<td><b>Attribute(s)</b></td>
<td width="30%"><b>Exception</b></td>
<td width="10%"><b>Time (seconds)</b></td>
<td><b>Instance</b></td>
</tr>
<tr>
<td title='keyword.framework.KeywordDrivenFramework.KeywordDrivenTest.tearDown()'><b>tearDown</b><br>Test class: keyword.framework.KeywordDrivenFramework.KeywordDrivenTest</td>
<td></td>
<td>0</td>
<td>keyword.framework.KeywordDrivenFramework.KeywordDrivenTest@1b7c473a</td></tr>
</table><p>
<table width='100%' border='1' class='invocation-skipped'>
<tr><td colspan='4' align='center'><b>SKIPPED TESTS</b></td></tr>
<tr><td><b>Test method</b></td>
<td><b>Attribute(s)</b></td>
<td width="30%"><b>Exception</b></td>
<td width="10%"><b>Time (seconds)</b></td>
<td><b>Instance</b></td>
</tr>
<tr>
<td title='keyword.framework.KeywordDrivenFramework.KeywordDrivenTest.runPurchaseFlow()'><b>runPurchaseFlow</b><br>Test class: keyword.framework.KeywordDrivenFramework.KeywordDrivenTest<br>Parameters: {TestCaseID=PC_01, Products=[Apple iPhone 14, Apple iPhone 15, Apple iPhone 13]}</td>
<td><div><pre>org.testng.TestNGException: 
Parameter &apos;userName&apos; is required by BeforeClass on method setUp but has not been marked @Optional or defined
in C:\Users\flintsoftuser\KeywordDrivenFramework\testng.xml
	at java.base/java.util.concurrent.Executors$RunnableAdapter.call(Executors.java:545)
	at java.base/java.util.concurrent.FutureTask.run(FutureTask.java:328)
	at java.base/java.util.concurrent.ThreadPoolExecutor.runWorker(ThreadPoolExecutor.java:1095)
	at java.base/java.util.concurrent.ThreadPoolExecutor$Worker.run(ThreadPoolExecutor.java:619)
	at java.base/java.lang.Thread.run(Thread.java:1447)
... Removed 8 stack frames</pre></div><a href='#' onClick='toggleBox("stack-trace451676557", this, "Click to show all stack frames", "Click to hide stack frames")'>Click to show all stack frames</a>
<div class='stack-trace' id='stack-trace451676557'><pre>org.testng.TestNGException: 
Parameter &apos;userName&apos; is required by BeforeClass on method setUp but has not been marked @Optional or defined
in C:\Users\flintsoftuser\KeywordDrivenFramework\testng.xml
	at org.testng.internal.Parameters.createParams(Parameters.java:264)
	at org.testng.internal.Parameters.createParametersForMethod(Parameters.java:352)
	at org.testng.internal.Parameters.createParameters(Parameters.java:690)
	at org.testng.internal.Parameters.createConfigurationParameters(Parameters.java:163)
	at org.testng.internal.invokers.ConfigInvoker.invokeConfigurations(ConfigInvoker.java:313)
	at org.testng.internal.invokers.TestMethodWorker.invokeBeforeClassMethods(TestMethodWorker.java:188)
	at org.testng.internal.invokers.TestMethodWorker.run(TestMethodWorker.java:128)
	at java.base/java.util.concurrent.Executors$RunnableAdapter.call(Executors.java:545)
	at java.base/java.util.concurrent.FutureTask.run(FutureTask.java:328)
	at org.testng.internal.thread.graph.TestNGFutureTask.run(TestNGFutureTask.java:22)
	at java.base/java.util.concurrent.ThreadPoolExecutor.runWorker(ThreadPoolExecutor.java:1095)
	at java.base/java.util.concurrent.ThreadPoolExecutor$Worker.run(ThreadPoolExecutor.java:619)
	at java.base/java.lang.Thread.run(Thread.java:1447)
</pre></div></td>
<td>0</td>
<td>keyword.framework.KeywordDrivenFramework.KeywordDrivenTest@1b7c473a</td></tr>
<tr>
<td title='keyword.framework.KeywordDrivenFramework.KeywordDrivenTest.runPurchaseFlow()'><b>runPurchaseFlow</b><br>Test class: keyword.framework.KeywordDrivenFramework.KeywordDrivenTest<br>Parameters: {TestCaseID=PC_03, Products=[OnePlus Nord 5, OnePlus Nord CE5, OnePlus 13]}</td>
<td><div><pre>org.testng.TestNGException: 
Parameter &apos;userName&apos; is required by BeforeClass on method setUp but has not been marked @Optional or defined
in C:\Users\flintsoftuser\KeywordDrivenFramework\testng.xml
	at java.base/java.util.concurrent.Executors$RunnableAdapter.call(Executors.java:545)
	at java.base/java.util.concurrent.FutureTask.run(FutureTask.java:328)
	at java.base/java.util.concurrent.ThreadPoolExecutor.runWorker(ThreadPoolExecutor.java:1095)
	at java.base/java.util.concurrent.ThreadPoolExecutor$Worker.run(ThreadPoolExecutor.java:619)
	at java.base/java.lang.Thread.run(Thread.java:1447)
... Removed 8 stack frames</pre></div><a href='#' onClick='toggleBox("stack-trace1745098019", this, "Click to show all stack frames", "Click to hide stack frames")'>Click to show all stack frames</a>
<div class='stack-trace' id='stack-trace1745098019'><pre>org.testng.TestNGException: 
Parameter &apos;userName&apos; is required by BeforeClass on method setUp but has not been marked @Optional or defined
in C:\Users\flintsoftuser\KeywordDrivenFramework\testng.xml
	at org.testng.internal.Parameters.createParams(Parameters.java:264)
	at org.testng.internal.Parameters.createParametersForMethod(Parameters.java:352)
	at org.testng.internal.Parameters.createParameters(Parameters.java:690)
	at org.testng.internal.Parameters.createConfigurationParameters(Parameters.java:163)
	at org.testng.internal.invokers.ConfigInvoker.invokeConfigurations(ConfigInvoker.java:313)
	at org.testng.internal.invokers.TestMethodWorker.invokeBeforeClassMethods(TestMethodWorker.java:188)
	at org.testng.internal.invokers.TestMethodWorker.run(TestMethodWorker.java:128)
	at java.base/java.util.concurrent.Executors$RunnableAdapter.call(Executors.java:545)
	at java.base/java.util.concurrent.FutureTask.run(FutureTask.java:328)
	at org.testng.internal.thread.graph.TestNGFutureTask.run(TestNGFutureTask.java:22)
	at java.base/java.util.concurrent.ThreadPoolExecutor.runWorker(ThreadPoolExecutor.java:1095)
	at java.base/java.util.concurrent.ThreadPoolExecutor$Worker.run(ThreadPoolExecutor.java:619)
	at java.base/java.lang.Thread.run(Thread.java:1447)
</pre></div></td>
<td>0</td>
<td>keyword.framework.KeywordDrivenFramework.KeywordDrivenTest@1b7c473a</td></tr>
<tr>
<td title='keyword.framework.KeywordDrivenFramework.KeywordDrivenTest.runPurchaseFlow()'><b>runPurchaseFlow</b><br>Test class: keyword.framework.KeywordDrivenFramework.KeywordDrivenTest<br>Parameters: {TestCaseID=PC_05, Products=[iQOO Neo 10R, iQOO 9, iQOO Z10]}</td>
<td><div><pre>org.testng.TestNGException: 
Parameter &apos;userName&apos; is required by BeforeClass on method setUp but has not been marked @Optional or defined
in C:\Users\flintsoftuser\KeywordDrivenFramework\testng.xml
	at java.base/java.util.concurrent.Executors$RunnableAdapter.call(Executors.java:545)
	at java.base/java.util.concurrent.FutureTask.run(FutureTask.java:328)
	at java.base/java.util.concurrent.ThreadPoolExecutor.runWorker(ThreadPoolExecutor.java:1095)
	at java.base/java.util.concurrent.ThreadPoolExecutor$Worker.run(ThreadPoolExecutor.java:619)
	at java.base/java.lang.Thread.run(Thread.java:1447)
... Removed 8 stack frames</pre></div><a href='#' onClick='toggleBox("stack-trace1740521287", this, "Click to show all stack frames", "Click to hide stack frames")'>Click to show all stack frames</a>
<div class='stack-trace' id='stack-trace1740521287'><pre>org.testng.TestNGException: 
Parameter &apos;userName&apos; is required by BeforeClass on method setUp but has not been marked @Optional or defined
in C:\Users\flintsoftuser\KeywordDrivenFramework\testng.xml
	at org.testng.internal.Parameters.createParams(Parameters.java:264)
	at org.testng.internal.Parameters.createParametersForMethod(Parameters.java:352)
	at org.testng.internal.Parameters.createParameters(Parameters.java:690)
	at org.testng.internal.Parameters.createConfigurationParameters(Parameters.java:163)
	at org.testng.internal.invokers.ConfigInvoker.invokeConfigurations(ConfigInvoker.java:313)
	at org.testng.internal.invokers.TestMethodWorker.invokeBeforeClassMethods(TestMethodWorker.java:188)
	at org.testng.internal.invokers.TestMethodWorker.run(TestMethodWorker.java:128)
	at java.base/java.util.concurrent.Executors$RunnableAdapter.call(Executors.java:545)
	at java.base/java.util.concurrent.FutureTask.run(FutureTask.java:328)
	at org.testng.internal.thread.graph.TestNGFutureTask.run(TestNGFutureTask.java:22)
	at java.base/java.util.concurrent.ThreadPoolExecutor.runWorker(ThreadPoolExecutor.java:1095)
	at java.base/java.util.concurrent.ThreadPoolExecutor$Worker.run(ThreadPoolExecutor.java:619)
	at java.base/java.lang.Thread.run(Thread.java:1447)
</pre></div></td>
<td>0</td>
<td>keyword.framework.KeywordDrivenFramework.KeywordDrivenTest@1b7c473a</td></tr>
<tr>
<td title='keyword.framework.KeywordDrivenFramework.KeywordDrivenTest.runPurchaseFlow()'><b>runPurchaseFlow</b><br>Test class: keyword.framework.KeywordDrivenFramework.KeywordDrivenTest<br>Parameters: {TestCaseID=PC_02, Products=[SAMSUNG Galaxy S24, SAMSUNG Galaxy S25, SAMSUNG Galaxy A55]}</td>
<td><div><pre>org.testng.TestNGException: 
Parameter &apos;userName&apos; is required by BeforeClass on method setUp but has not been marked @Optional or defined
in C:\Users\flintsoftuser\KeywordDrivenFramework\testng.xml
	at java.base/java.util.concurrent.Executors$RunnableAdapter.call(Executors.java:545)
	at java.base/java.util.concurrent.FutureTask.run(FutureTask.java:328)
	at java.base/java.util.concurrent.ThreadPoolExecutor.runWorker(ThreadPoolExecutor.java:1095)
	at java.base/java.util.concurrent.ThreadPoolExecutor$Worker.run(ThreadPoolExecutor.java:619)
	at java.base/java.lang.Thread.run(Thread.java:1447)
... Removed 8 stack frames</pre></div><a href='#' onClick='toggleBox("stack-trace1941785232", this, "Click to show all stack frames", "Click to hide stack frames")'>Click to show all stack frames</a>
<div class='stack-trace' id='stack-trace1941785232'><pre>org.testng.TestNGException: 
Parameter &apos;userName&apos; is required by BeforeClass on method setUp but has not been marked @Optional or defined
in C:\Users\flintsoftuser\KeywordDrivenFramework\testng.xml
	at org.testng.internal.Parameters.createParams(Parameters.java:264)
	at org.testng.internal.Parameters.createParametersForMethod(Parameters.java:352)
	at org.testng.internal.Parameters.createParameters(Parameters.java:690)
	at org.testng.internal.Parameters.createConfigurationParameters(Parameters.java:163)
	at org.testng.internal.invokers.ConfigInvoker.invokeConfigurations(ConfigInvoker.java:313)
	at org.testng.internal.invokers.TestMethodWorker.invokeBeforeClassMethods(TestMethodWorker.java:188)
	at org.testng.internal.invokers.TestMethodWorker.run(TestMethodWorker.java:128)
	at java.base/java.util.concurrent.Executors$RunnableAdapter.call(Executors.java:545)
	at java.base/java.util.concurrent.FutureTask.run(FutureTask.java:328)
	at org.testng.internal.thread.graph.TestNGFutureTask.run(TestNGFutureTask.java:22)
	at java.base/java.util.concurrent.ThreadPoolExecutor.runWorker(ThreadPoolExecutor.java:1095)
	at java.base/java.util.concurrent.ThreadPoolExecutor$Worker.run(ThreadPoolExecutor.java:619)
	at java.base/java.lang.Thread.run(Thread.java:1447)
</pre></div></td>
<td>0</td>
<td>keyword.framework.KeywordDrivenFramework.KeywordDrivenTest@1b7c473a</td></tr>
<tr>
<td title='keyword.framework.KeywordDrivenFramework.KeywordDrivenTest.runPurchaseFlow()'><b>runPurchaseFlow</b><br>Test class: keyword.framework.KeywordDrivenFramework.KeywordDrivenTest<br>Parameters: {TestCaseID=PC_04, Products=[boAt Nirvana Ion, boAt Airdopes Prime 701 ANC, boAt 2025 Launch Airdopes 219]}</td>
<td><div><pre>org.testng.TestNGException: 
Parameter &apos;userName&apos; is required by BeforeClass on method setUp but has not been marked @Optional or defined
in C:\Users\flintsoftuser\KeywordDrivenFramework\testng.xml
	at java.base/java.util.concurrent.Executors$RunnableAdapter.call(Executors.java:545)
	at java.base/java.util.concurrent.FutureTask.run(FutureTask.java:328)
	at java.base/java.util.concurrent.ThreadPoolExecutor.runWorker(ThreadPoolExecutor.java:1095)
	at java.base/java.util.concurrent.ThreadPoolExecutor$Worker.run(ThreadPoolExecutor.java:619)
	at java.base/java.lang.Thread.run(Thread.java:1447)
... Removed 8 stack frames</pre></div><a href='#' onClick='toggleBox("stack-trace1257328766", this, "Click to show all stack frames", "Click to hide stack frames")'>Click to show all stack frames</a>
<div class='stack-trace' id='stack-trace1257328766'><pre>org.testng.TestNGException: 
Parameter &apos;userName&apos; is required by BeforeClass on method setUp but has not been marked @Optional or defined
in C:\Users\flintsoftuser\KeywordDrivenFramework\testng.xml
	at org.testng.internal.Parameters.createParams(Parameters.java:264)
	at org.testng.internal.Parameters.createParametersForMethod(Parameters.java:352)
	at org.testng.internal.Parameters.createParameters(Parameters.java:690)
	at org.testng.internal.Parameters.createConfigurationParameters(Parameters.java:163)
	at org.testng.internal.invokers.ConfigInvoker.invokeConfigurations(ConfigInvoker.java:313)
	at org.testng.internal.invokers.TestMethodWorker.invokeBeforeClassMethods(TestMethodWorker.java:188)
	at org.testng.internal.invokers.TestMethodWorker.run(TestMethodWorker.java:128)
	at java.base/java.util.concurrent.Executors$RunnableAdapter.call(Executors.java:545)
	at java.base/java.util.concurrent.FutureTask.run(FutureTask.java:328)
	at org.testng.internal.thread.graph.TestNGFutureTask.run(TestNGFutureTask.java:22)
	at java.base/java.util.concurrent.ThreadPoolExecutor.runWorker(ThreadPoolExecutor.java:1095)
	at java.base/java.util.concurrent.ThreadPoolExecutor$Worker.run(ThreadPoolExecutor.java:619)
	at java.base/java.lang.Thread.run(Thread.java:1447)
</pre></div></td>
<td>0</td>
<td>keyword.framework.KeywordDrivenFramework.KeywordDrivenTest@1b7c473a</td></tr>
</table><p>
</body>
</html>