<?xml version="1.0" encoding="UTF-8"?>
<!-- Generated by org.testng.reporters.JUnitXMLReporter -->
<testsuite ignored="0" hostname="FTTEMP-002" failures="0" tests="44" name="AmazonParallelTest" time="485.3" errors="0" timestamp="2025-11-03T18:47:52 IST">
  <testcase classname="keyword.framework.KeywordDrivenFramework.KeywordDrivenTest" name="runLoginTest" time="8.889"/>
  <testcase classname="keyword.framework.KeywordDrivenFramework.KeywordDrivenTest" name="runLoginTest" time="9.795"/>
  <testcase classname="keyword.framework.KeywordDrivenFramework.KeywordDrivenTest" name="runPurchaseTest" time="14.305"/>
  <testcase classname="keyword.framework.KeywordDrivenFramework.KeywordDrivenTest" name="runPurchaseTest" time="13.97"/>
  <testcase classname="keyword.framework.KeywordDrivenFramework.KeywordDrivenTest" name="runPurchaseTest" time="13.655"/>
  <testcase classname="keyword.framework.KeywordDrivenFramework.KeywordDrivenTest" name="runPurchaseTest" time="13.773"/>
  <testcase classname="keyword.framework.KeywordDrivenFramework.KeywordDrivenTest" name="runPurchaseTest" time="26.134"/>
  <testcase classname="keyword.framework.KeywordDrivenFramework.KeywordDrivenTest" name="runPurchaseTest" time="29.922"/>
  <testcase classname="keyword.framework.KeywordDrivenFramework.KeywordDrivenTest" name="runPurchaseTest" time="14.712"/>
  <testcase classname="keyword.framework.KeywordDrivenFramework.KeywordDrivenTest" name="runPurchaseTest" time="23.108"/>
  <testcase classname="keyword.framework.KeywordDrivenFramework.KeywordDrivenTest" name="runPurchaseTest" time="15.752"/>
  <testcase classname="keyword.framework.KeywordDrivenFramework.KeywordDrivenTest" name="runPurchaseTest" time="21.176"/>
  <testcase classname="keyword.framework.KeywordDrivenFramework.KeywordDrivenTest" name="runPurchaseTest" time="22.298"/>
  <testcase classname="keyword.framework.KeywordDrivenFramework.KeywordDrivenTest" name="runPurchaseTest" time="16.774"/>
  <testcase classname="keyword.framework.KeywordDrivenFramework.KeywordDrivenTest" name="runPurchaseTest" time="23.141"/>
  <testcase classname="keyword.framework.KeywordDrivenFramework.KeywordDrivenTest" name="runPurchaseTest" time="18.188"/>
  <testcase classname="keyword.framework.KeywordDrivenFramework.KeywordDrivenTest" name="runPurchaseTest" time="25.181"/>
  <testcase classname="keyword.framework.KeywordDrivenFramework.KeywordDrivenTest" name="runPurchaseTest" time="22.592"/>
  <testcase classname="keyword.framework.KeywordDrivenFramework.KeywordDrivenTest" name="runPurchaseTest" time="30.76"/>
  <testcase classname="keyword.framework.KeywordDrivenFramework.KeywordDrivenTest" name="runPurchaseTest" time="20.148"/>
  <testcase classname="keyword.framework.KeywordDrivenFramework.KeywordDrivenTest" name="runPurchaseTest" time="34.991"/>
  <testcase classname="keyword.framework.KeywordDrivenFramework.KeywordDrivenTest" name="runPurchaseTest" time="33.33"/>
  <testcase classname="keyword.framework.KeywordDrivenFramework.KeywordDrivenTest" name="runPurchaseTest" time="37.131"/>
  <testcase classname="keyword.framework.KeywordDrivenFramework.KeywordDrivenTest" name="runPurchaseTest" time="36.992"/>
  <testcase classname="keyword.framework.KeywordDrivenFramework.KeywordDrivenTest" name="runPurchaseTest" time="30.621"/>
  <testcase classname="keyword.framework.KeywordDrivenFramework.KeywordDrivenTest" name="runPurchaseTest" time="15.578"/>
  <testcase classname="keyword.framework.KeywordDrivenFramework.KeywordDrivenTest" name="runPurchaseTest" time="31.003"/>
  <testcase classname="keyword.framework.KeywordDrivenFramework.KeywordDrivenTest" name="runPurchaseTest" time="13.963"/>
  <testcase classname="keyword.framework.KeywordDrivenFramework.KeywordDrivenTest" name="runPurchaseTest" time="13.818"/>
  <testcase classname="keyword.framework.KeywordDrivenFramework.KeywordDrivenTest" name="runRemoveTest" time="7.428"/>
  <testcase classname="keyword.framework.KeywordDrivenFramework.KeywordDrivenTest" name="runPurchaseTest" time="28.024"/>
  <testcase classname="keyword.framework.KeywordDrivenFramework.KeywordDrivenTest" name="runRemoveTest" time="16.929"/>
  <testcase classname="keyword.framework.KeywordDrivenFramework.KeywordDrivenTest" name="runPurchaseTest" time="16.48"/>
  <testcase classname="keyword.framework.KeywordDrivenFramework.KeywordDrivenTest" name="runRemoveTest" time="14.003"/>
  <testcase classname="keyword.framework.KeywordDrivenFramework.KeywordDrivenTest" name="runRemoveTest" time="6.98"/>
  <testcase classname="keyword.framework.KeywordDrivenFramework.KeywordDrivenTest" name="runRemoveTest" time="6.855"/>
  <testcase classname="keyword.framework.KeywordDrivenFramework.KeywordDrivenTest" name="runPurchaseTest" time="28.729"/>
  <testcase classname="keyword.framework.KeywordDrivenFramework.KeywordDrivenTest" name="runSignoutTest" time="2.126"/>
  <testcase classname="keyword.framework.KeywordDrivenFramework.KeywordDrivenTest" name="runSignoutTest" time="2.113"/>
  <testcase classname="keyword.framework.KeywordDrivenFramework.KeywordDrivenTest" name="runRemoveTest" time="13.226"/>
  <testcase classname="keyword.framework.KeywordDrivenFramework.KeywordDrivenTest" name="runRemoveTest" time="20.611"/>
  <testcase classname="keyword.framework.KeywordDrivenFramework.KeywordDrivenTest" name="runRemoveTest" time="20.571"/>
  <testcase classname="keyword.framework.KeywordDrivenFramework.KeywordDrivenTest" name="runRemoveTest" time="20.629"/>
  <testcase classname="keyword.framework.KeywordDrivenFramework.KeywordDrivenTest" name="runRemoveTest" time="20.496"/>
</testsuite> <!-- AmazonParallelTest -->
