<?xml version="1.0" encoding="UTF-8"?>
<!-- Generated by org.testng.reporters.JUnitXMLReporter -->
<testsuite ignored="0" hostname="FTTEMP-002" failures="0" tests="2" name="User1Runner" time="345.439" errors="0" timestamp="2025-12-04T12:17:11 IST">
  <testcase classname="keyword.framework.KeywordDrivenFramework.KeywordDrivenTest" name="loginOnce" time="14.823"/>
  <testcase classname="keyword.framework.KeywordDrivenFramework.KeywordDrivenTest" name="runPurchases" time="329.536"/>
</testsuite> <!-- User1Runner -->
