<?xml version="1.0" encoding="UTF-8"?>
<!-- Generated by org.testng.reporters.JUnitXMLReporter -->
<testsuite ignored="0" hostname="FTTEMP-002" failures="0" tests="2" name="User2Runner" time="162.789" errors="0" timestamp="2025-11-18T13:48:39 IST">
  <testcase classname="keyword.framework.KeywordDrivenFramework.KeywordDrivenTest" name="loginOnce" time="13.116"/>
  <testcase classname="keyword.framework.KeywordDrivenFramework.KeywordDrivenTest" name="runPurchases" time="148.876"/>
</testsuite> <!-- User2Runner -->
