<?xml version="1.0" encoding="UTF-8"?>
<!-- Generated by org.testng.reporters.JUnitXMLReporter -->
<testsuite ignored="0" hostname="FTTEMP-002" failures="0" tests="2" name="User1Runner" time="270.905" errors="0" timestamp="2025-11-25T17:58:42 IST">
  <testcase classname="keyword.framework.KeywordDrivenFramework.KeywordDrivenTest" name="loginOnce" time="18.428"/>
  <testcase classname="keyword.framework.KeywordDrivenFramework.KeywordDrivenTest" name="runPurchases" time="251.509"/>
</testsuite> <!-- User1Runner -->
