<?xml version="1.0" encoding="UTF-8"?>
<testng-results ignored="0" total="2" passed="2" failed="0" skipped="0">
  <reporter-output>
  </reporter-output>
  <suite started-at="2025-11-27T18:04:29 IST" name="KeywordDrivenSuite" finished-at="2025-11-27T18:10:18 IST" duration-ms="349235">
    <groups>
    </groups>
    <test started-at="2025-11-27T18:04:29 IST" name="User1Runner" finished-at="2025-11-27T18:10:18 IST" duration-ms="349235">
      <class name="keyword.framework.KeywordDrivenFramework.KeywordDrivenTest">
        <test-method is-config="true" signature="setUser(java.lang.String)[pri:0, instance:keyword.framework.KeywordDrivenFramework.KeywordDrivenTest@2a62b5bc]" started-at="2025-11-27T18:04:29 IST" name="setUser" finished-at="2025-11-27T18:04:29 IST" duration-ms="592" status="PASS">
          <params>
            <param index="0">
              <value>
                <![CDATA[User1]]>
              </value>
            </param>
          </params>
          <reporter-output>
          </reporter-output>
        </test-method> <!-- setUser -->
        <test-method signature="loginOnce()[pri:1, instance:keyword.framework.KeywordDrivenFramework.KeywordDrivenTest@2a62b5bc]" started-at="2025-11-27T18:04:29 IST" name="loginOnce" finished-at="2025-11-27T18:04:48 IST" duration-ms="18373" status="PASS">
          <reporter-output>
          </reporter-output>
        </test-method> <!-- loginOnce -->
        <test-method is-config="true" signature="closeBrowserAfterTC()[pri:0, instance:keyword.framework.KeywordDrivenFramework.KeywordDrivenTest@2a62b5bc]" started-at="2025-11-27T18:04:48 IST" name="closeBrowserAfterTC" finished-at="2025-11-27T18:04:48 IST" duration-ms="1" status="PASS">
          <reporter-output>
          </reporter-output>
        </test-method> <!-- closeBrowserAfterTC -->
        <test-method signature="runPurchases(java.lang.String)[pri:2, instance:keyword.framework.KeywordDrivenFramework.KeywordDrivenTest@2a62b5bc]" started-at="2025-11-27T18:04:48 IST" name="runPurchases" data-provider="PurchaseGroupData" finished-at="2025-11-27T18:10:18 IST" duration-ms="330073" status="PASS">
          <params>
            <param index="0">
              <value>
                <![CDATA[USE_QUEUE]]>
              </value>
            </param>
          </params>
          <reporter-output>
          </reporter-output>
        </test-method> <!-- runPurchases -->
        <test-method is-config="true" signature="closeBrowserAfterTC()[pri:0, instance:keyword.framework.KeywordDrivenFramework.KeywordDrivenTest@2a62b5bc]" started-at="2025-11-27T18:10:18 IST" name="closeBrowserAfterTC" finished-at="2025-11-27T18:10:18 IST" duration-ms="1" status="PASS">
          <reporter-output>
          </reporter-output>
        </test-method> <!-- closeBrowserAfterTC -->
        <test-method is-config="true" signature="cleanupProfiles1()[pri:0, instance:keyword.framework.KeywordDrivenFramework.KeywordDrivenTest@2a62b5bc]" started-at="2025-11-27T18:10:18 IST" name="cleanupProfiles1" finished-at="2025-11-27T18:10:18 IST" duration-ms="1" status="PASS">
          <reporter-output>
          </reporter-output>
        </test-method> <!-- cleanupProfiles1 -->
      </class> <!-- keyword.framework.KeywordDrivenFramework.KeywordDrivenTest -->
    </test> <!-- User1Runner -->
  </suite> <!-- KeywordDrivenSuite -->
</testng-results>
