<?xml version="1.0" encoding="UTF-8"?>
<testng-results ignored="0" total="12" passed="12" failed="0" skipped="0">
  <reporter-output>
  </reporter-output>
  <suite started-at="2025-10-27T17:44:37 IST" name="Default suite" finished-at="2025-10-27T17:46:42 IST" duration-ms="125169">
    <groups>
    </groups>
    <test started-at="2025-10-27T17:44:37 IST" name="Default test" finished-at="2025-10-27T17:46:42 IST" duration-ms="125169">
      <class name="keyword.framework.KeywordDrivenFramework.KeywordDrivenTest">
        <test-method is-config="true" signature="setUp()[pri:0, instance:keyword.framework.KeywordDrivenFramework.KeywordDrivenTest@4ce1d6d0]" started-at="2025-10-27T17:44:37 IST" name="setUp" finished-at="2025-10-27T17:44:40 IST" duration-ms="3561" status="PASS">
          <reporter-output>
          </reporter-output>
        </test-method> <!-- setUp -->
        <test-method signature="runLoginTest(java.util.Map)[pri:1, instance:keyword.framework.KeywordDrivenFramework.KeywordDrivenTest@4ce1d6d0]" started-at="2025-10-27T17:44:41 IST" name="runLoginTest" data-provider="LoginData" finished-at="2025-10-27T17:44:52 IST" duration-ms="11429" status="PASS">
          <params>
            <param index="0">
              <value>
                <![CDATA[{TestCaseID=Login, UsersName=User1, PhoneNumber=7339585788, Password=Mali29@Amazon}]]>
              </value>
            </param>
          </params>
          <reporter-output>
          </reporter-output>
        </test-method> <!-- runLoginTest -->
        <test-method signature="runPurchaseTest(java.util.Map)[pri:2, instance:keyword.framework.KeywordDrivenFramework.KeywordDrivenTest@4ce1d6d0]" started-at="2025-10-27T17:44:52 IST" name="runPurchaseTest" data-provider="PurchaseData" finished-at="2025-10-27T17:45:05 IST" duration-ms="12482" status="PASS">
          <params>
            <param index="0">
              <value>
                <![CDATA[{TestCaseID=Purchase, Product=Apple iPhone 14}]]>
              </value>
            </param>
          </params>
          <reporter-output>
          </reporter-output>
        </test-method> <!-- runPurchaseTest -->
        <test-method signature="runPurchaseTest(java.util.Map)[pri:2, instance:keyword.framework.KeywordDrivenFramework.KeywordDrivenTest@4ce1d6d0]" started-at="2025-10-27T17:45:05 IST" name="runPurchaseTest" data-provider="PurchaseData" finished-at="2025-10-27T17:45:20 IST" duration-ms="15147" status="PASS">
          <params>
            <param index="0">
              <value>
                <![CDATA[{TestCaseID=Purchase, Product=SAMSUNG Galaxy S25}]]>
              </value>
            </param>
          </params>
          <reporter-output>
          </reporter-output>
        </test-method> <!-- runPurchaseTest -->
        <test-method signature="runPurchaseTest(java.util.Map)[pri:2, instance:keyword.framework.KeywordDrivenFramework.KeywordDrivenTest@4ce1d6d0]" started-at="2025-10-27T17:45:20 IST" name="runPurchaseTest" data-provider="PurchaseData" finished-at="2025-10-27T17:45:33 IST" duration-ms="12850" status="PASS">
          <params>
            <param index="0">
              <value>
                <![CDATA[{TestCaseID=Purchase, Product=OnePlus Nord}]]>
              </value>
            </param>
          </params>
          <reporter-output>
          </reporter-output>
        </test-method> <!-- runPurchaseTest -->
        <test-method signature="runPurchaseTest(java.util.Map)[pri:2, instance:keyword.framework.KeywordDrivenFramework.KeywordDrivenTest@4ce1d6d0]" started-at="2025-10-27T17:45:33 IST" name="runPurchaseTest" data-provider="PurchaseData" finished-at="2025-10-27T17:45:45 IST" duration-ms="12293" status="PASS">
          <params>
            <param index="0">
              <value>
                <![CDATA[{TestCaseID=Purchase, Product=POCO M6}]]>
              </value>
            </param>
          </params>
          <reporter-output>
          </reporter-output>
        </test-method> <!-- runPurchaseTest -->
        <test-method signature="runPurchaseTest(java.util.Map)[pri:2, instance:keyword.framework.KeywordDrivenFramework.KeywordDrivenTest@4ce1d6d0]" started-at="2025-10-27T17:45:45 IST" name="runPurchaseTest" data-provider="PurchaseData" finished-at="2025-10-27T17:45:58 IST" duration-ms="12861" status="PASS">
          <params>
            <param index="0">
              <value>
                <![CDATA[{TestCaseID=Purchase, Product=Redmi 15}]]>
              </value>
            </param>
          </params>
          <reporter-output>
          </reporter-output>
        </test-method> <!-- runPurchaseTest -->
        <test-method signature="runRemoveTest(java.util.Map)[pri:3, instance:keyword.framework.KeywordDrivenFramework.KeywordDrivenTest@4ce1d6d0]" started-at="2025-10-27T17:45:58 IST" name="runRemoveTest" data-provider="RemoveData" finished-at="2025-10-27T17:46:05 IST" duration-ms="7063" status="PASS">
          <params>
            <param index="0">
              <value>
                <![CDATA[{TestCaseID=RemoveProduct, Product=Apple iPhone 14}]]>
              </value>
            </param>
          </params>
          <reporter-output>
          </reporter-output>
        </test-method> <!-- runRemoveTest -->
        <test-method signature="runRemoveTest(java.util.Map)[pri:3, instance:keyword.framework.KeywordDrivenFramework.KeywordDrivenTest@4ce1d6d0]" started-at="2025-10-27T17:46:05 IST" name="runRemoveTest" data-provider="RemoveData" finished-at="2025-10-27T17:46:11 IST" duration-ms="6409" status="PASS">
          <params>
            <param index="0">
              <value>
                <![CDATA[{TestCaseID=RemoveProduct, Product=SAMSUNG Galaxy S25}]]>
              </value>
            </param>
          </params>
          <reporter-output>
          </reporter-output>
        </test-method> <!-- runRemoveTest -->
        <test-method signature="runRemoveTest(java.util.Map)[pri:3, instance:keyword.framework.KeywordDrivenFramework.KeywordDrivenTest@4ce1d6d0]" started-at="2025-10-27T17:46:11 IST" name="runRemoveTest" data-provider="RemoveData" finished-at="2025-10-27T17:46:18 IST" duration-ms="6635" status="PASS">
          <params>
            <param index="0">
              <value>
                <![CDATA[{TestCaseID=RemoveProduct, Product=OnePlus Nord}]]>
              </value>
            </param>
          </params>
          <reporter-output>
          </reporter-output>
        </test-method> <!-- runRemoveTest -->
        <test-method signature="runRemoveTest(java.util.Map)[pri:3, instance:keyword.framework.KeywordDrivenFramework.KeywordDrivenTest@4ce1d6d0]" started-at="2025-10-27T17:46:18 IST" name="runRemoveTest" data-provider="RemoveData" finished-at="2025-10-27T17:46:25 IST" duration-ms="6676" status="PASS">
          <params>
            <param index="0">
              <value>
                <![CDATA[{TestCaseID=RemoveProduct, Product=POCO M6}]]>
              </value>
            </param>
          </params>
          <reporter-output>
          </reporter-output>
        </test-method> <!-- runRemoveTest -->
        <test-method signature="runRemoveTest(java.util.Map)[pri:3, instance:keyword.framework.KeywordDrivenFramework.KeywordDrivenTest@4ce1d6d0]" started-at="2025-10-27T17:46:25 IST" name="runRemoveTest" data-provider="RemoveData" finished-at="2025-10-27T17:46:31 IST" duration-ms="6512" status="PASS">
          <params>
            <param index="0">
              <value>
                <![CDATA[{TestCaseID=RemoveProduct, Product=Redmi 15}]]>
              </value>
            </param>
          </params>
          <reporter-output>
          </reporter-output>
        </test-method> <!-- runRemoveTest -->
        <test-method signature="runSignoutTest()[pri:4, instance:keyword.framework.KeywordDrivenFramework.KeywordDrivenTest@4ce1d6d0]" started-at="2025-10-27T17:46:31 IST" name="runSignoutTest" finished-at="2025-10-27T17:46:42 IST" duration-ms="10613" status="PASS">
          <reporter-output>
          </reporter-output>
        </test-method> <!-- runSignoutTest -->
        <test-method is-config="true" signature="tearDown()[pri:0, instance:keyword.framework.KeywordDrivenFramework.KeywordDrivenTest@4ce1d6d0]" started-at="2025-10-27T17:46:42 IST" name="tearDown" finished-at="2025-10-27T17:46:42 IST" duration-ms="386" status="PASS">
          <reporter-output>
          </reporter-output>
        </test-method> <!-- tearDown -->
      </class> <!-- keyword.framework.KeywordDrivenFramework.KeywordDrivenTest -->
    </test> <!-- Default test -->
  </suite> <!-- Default suite -->
</testng-results>
