<?xml version="1.0" encoding="UTF-8"?>
<testng-results ignored="0" total="6" passed="6" failed="0" skipped="0">
  <reporter-output>
  </reporter-output>
  <suite started-at="2025-10-10T18:36:40 IST" name="Default suite" finished-at="2025-10-10T18:38:17 IST" duration-ms="97026">
    <groups>
    </groups>
    <test started-at="2025-10-10T18:36:40 IST" name="Default test" finished-at="2025-10-10T18:38:17 IST" duration-ms="97026">
      <class name="keyword.framework.KeywordDrivenFramework.KeywordDrivenTest">
        <test-method is-config="true" signature="setUp()[pri:0, instance:keyword.framework.KeywordDrivenFramework.KeywordDrivenTest@66fdec9]" started-at="2025-10-10T18:36:40 IST" name="setUp" finished-at="2025-10-10T18:36:44 IST" duration-ms="3609" status="PASS">
          <reporter-output>
          </reporter-output>
        </test-method> <!-- setUp -->
        <test-method signature="runLoginTest(java.util.Map)[pri:1, instance:keyword.framework.KeywordDrivenFramework.KeywordDrivenTest@66fdec9]" started-at="2025-10-10T18:36:44 IST" name="runLoginTest" data-provider="LoginData" finished-at="2025-10-10T18:37:01 IST" duration-ms="16586" status="PASS">
          <params>
            <param index="0">
              <value>
                <![CDATA[{TestCaseID=Login, UsersName=User1, PhoneNumber=7339585788, Password=Mali29@Amazon}]]>
              </value>
            </param>
          </params>
          <reporter-output>
          </reporter-output>
        </test-method> <!-- runLoginTest -->
        <test-method signature="runPurchaseTest(java.util.Map)[pri:2, instance:keyword.framework.KeywordDrivenFramework.KeywordDrivenTest@66fdec9]" started-at="2025-10-10T18:37:01 IST" name="runPurchaseTest" data-provider="PurchaseData" finished-at="2025-10-10T18:37:28 IST" duration-ms="27306" status="PASS">
          <params>
            <param index="0">
              <value>
                <![CDATA[{TestCaseID=Purchase, Product=Apple iPhone 14}]]>
              </value>
            </param>
          </params>
          <reporter-output>
          </reporter-output>
        </test-method> <!-- runPurchaseTest -->
        <test-method signature="runPurchaseTest(java.util.Map)[pri:2, instance:keyword.framework.KeywordDrivenFramework.KeywordDrivenTest@66fdec9]" started-at="2025-10-10T18:37:28 IST" name="runPurchaseTest" data-provider="PurchaseData" finished-at="2025-10-10T18:37:55 IST" duration-ms="27035" status="PASS">
          <params>
            <param index="0">
              <value>
                <![CDATA[{TestCaseID=Purchase, Product=SAMSUNG Galaxy S25}]]>
              </value>
            </param>
          </params>
          <reporter-output>
          </reporter-output>
        </test-method> <!-- runPurchaseTest -->
        <test-method signature="runPurchaseTest(java.util.Map)[pri:2, instance:keyword.framework.KeywordDrivenFramework.KeywordDrivenTest@66fdec9]" started-at="2025-10-10T18:37:55 IST" name="runPurchaseTest" data-provider="PurchaseData" finished-at="2025-10-10T18:38:11 IST" duration-ms="15976" status="PASS">
          <params>
            <param index="0">
              <value>
                <![CDATA[{TestCaseID=Purchase, Product=OnePlus Nord}]]>
              </value>
            </param>
          </params>
          <reporter-output>
          </reporter-output>
        </test-method> <!-- runPurchaseTest -->
        <test-method signature="runPurchaseTest(java.util.Map)[pri:2, instance:keyword.framework.KeywordDrivenFramework.KeywordDrivenTest@66fdec9]" started-at="2025-10-10T18:38:11 IST" name="runPurchaseTest" data-provider="PurchaseData" finished-at="2025-10-10T18:38:14 IST" duration-ms="3087" status="PASS">
          <params>
            <param index="0">
              <value>
                <![CDATA[{TestCaseID=Purchase, Product=POCO M6}]]>
              </value>
            </param>
          </params>
          <reporter-output>
          </reporter-output>
        </test-method> <!-- runPurchaseTest -->
        <test-method signature="runPurchaseTest(java.util.Map)[pri:2, instance:keyword.framework.KeywordDrivenFramework.KeywordDrivenTest@66fdec9]" started-at="2025-10-10T18:38:14 IST" name="runPurchaseTest" data-provider="PurchaseData" finished-at="2025-10-10T18:38:17 IST" duration-ms="3079" status="PASS">
          <params>
            <param index="0">
              <value>
                <![CDATA[{TestCaseID=Purchase, Product=Redmi 15}]]>
              </value>
            </param>
          </params>
          <reporter-output>
          </reporter-output>
        </test-method> <!-- runPurchaseTest -->
        <test-method is-config="true" signature="tearDown()[pri:0, instance:keyword.framework.KeywordDrivenFramework.KeywordDrivenTest@66fdec9]" started-at="2025-10-10T18:38:17 IST" name="tearDown" finished-at="2025-10-10T18:38:17 IST" duration-ms="16" status="PASS">
          <reporter-output>
          </reporter-output>
        </test-method> <!-- tearDown -->
      </class> <!-- keyword.framework.KeywordDrivenFramework.KeywordDrivenTest -->
    </test> <!-- Default test -->
  </suite> <!-- Default suite -->
</testng-results>
