<?xml version="1.0" encoding="UTF-8"?>
<testng-results ignored="0" total="4" passed="4" failed="0" skipped="0">
  <reporter-output>
  </reporter-output>
  <suite started-at="2025-11-20T17:16:42 IST" name="KeywordDrivenSuite" finished-at="2025-11-20T17:19:05 IST" duration-ms="142517">
    <groups>
    </groups>
    <test started-at="2025-11-20T17:16:42 IST" name="User1Runner" finished-at="2025-11-20T17:18:54 IST" duration-ms="132064">
      <class name="keyword.framework.KeywordDrivenFramework.KeywordDrivenTest">
        <test-method is-config="true" signature="setUser(java.lang.String)[pri:0, instance:keyword.framework.KeywordDrivenFramework.KeywordDrivenTest@2a62b5bc]" started-at="2025-11-20T17:16:42 IST" name="setUser" finished-at="2025-11-20T17:16:43 IST" duration-ms="840" status="PASS">
          <params>
            <param index="0">
              <value>
                <![CDATA[User1]]>
              </value>
            </param>
          </params>
          <reporter-output>
          </reporter-output>
        </test-method> <!-- setUser -->
        <test-method signature="loginOnce()[pri:1, instance:keyword.framework.KeywordDrivenFramework.KeywordDrivenTest@2a62b5bc]" started-at="2025-11-20T17:16:43 IST" name="loginOnce" finished-at="2025-11-20T17:16:57 IST" duration-ms="13613" status="PASS">
          <reporter-output>
          </reporter-output>
        </test-method> <!-- loginOnce -->
        <test-method is-config="true" signature="closeBrowserAfterTC()[pri:0, instance:keyword.framework.KeywordDrivenFramework.KeywordDrivenTest@2a62b5bc]" started-at="2025-11-20T17:16:57 IST" name="closeBrowserAfterTC" finished-at="2025-11-20T17:16:57 IST" duration-ms="0" status="PASS">
          <reporter-output>
          </reporter-output>
        </test-method> <!-- closeBrowserAfterTC -->
        <test-method signature="runPurchases(java.lang.String)[pri:2, instance:keyword.framework.KeywordDrivenFramework.KeywordDrivenTest@2a62b5bc]" started-at="2025-11-20T17:16:57 IST" name="runPurchases" data-provider="PurchaseGroupData" finished-at="2025-11-20T17:18:54 IST" duration-ms="117499" status="PASS">
          <params>
            <param index="0">
              <value>
                <![CDATA[USE_QUEUE]]>
              </value>
            </param>
          </params>
          <reporter-output>
          </reporter-output>
        </test-method> <!-- runPurchases -->
        <test-method is-config="true" signature="closeBrowserAfterTC()[pri:0, instance:keyword.framework.KeywordDrivenFramework.KeywordDrivenTest@2a62b5bc]" started-at="2025-11-20T17:18:54 IST" name="closeBrowserAfterTC" finished-at="2025-11-20T17:18:54 IST" duration-ms="0" status="PASS">
          <reporter-output>
          </reporter-output>
        </test-method> <!-- closeBrowserAfterTC -->
      </class> <!-- keyword.framework.KeywordDrivenFramework.KeywordDrivenTest -->
    </test> <!-- User1Runner -->
    <test started-at="2025-11-20T17:16:42 IST" name="User2Runner" finished-at="2025-11-20T17:19:05 IST" duration-ms="142517">
      <class name="keyword.framework.KeywordDrivenFramework.KeywordDrivenTest">
        <test-method is-config="true" signature="setUser(java.lang.String)[pri:0, instance:keyword.framework.KeywordDrivenFramework.KeywordDrivenTest@2c3dec30]" started-at="2025-11-20T17:16:42 IST" name="setUser" finished-at="2025-11-20T17:16:43 IST" duration-ms="841" status="PASS">
          <params>
            <param index="0">
              <value>
                <![CDATA[User2]]>
              </value>
            </param>
          </params>
          <reporter-output>
          </reporter-output>
        </test-method> <!-- setUser -->
        <test-method signature="loginOnce()[pri:1, instance:keyword.framework.KeywordDrivenFramework.KeywordDrivenTest@2c3dec30]" started-at="2025-11-20T17:16:43 IST" name="loginOnce" finished-at="2025-11-20T17:16:57 IST" duration-ms="13606" status="PASS">
          <reporter-output>
          </reporter-output>
        </test-method> <!-- loginOnce -->
        <test-method is-config="true" signature="closeBrowserAfterTC()[pri:0, instance:keyword.framework.KeywordDrivenFramework.KeywordDrivenTest@2c3dec30]" started-at="2025-11-20T17:16:57 IST" name="closeBrowserAfterTC" finished-at="2025-11-20T17:16:57 IST" duration-ms="1" status="PASS">
          <reporter-output>
          </reporter-output>
        </test-method> <!-- closeBrowserAfterTC -->
        <test-method signature="runPurchases(java.lang.String)[pri:2, instance:keyword.framework.KeywordDrivenFramework.KeywordDrivenTest@2c3dec30]" started-at="2025-11-20T17:16:57 IST" name="runPurchases" data-provider="PurchaseGroupData" finished-at="2025-11-20T17:19:05 IST" duration-ms="127952" status="PASS">
          <params>
            <param index="0">
              <value>
                <![CDATA[USE_QUEUE]]>
              </value>
            </param>
          </params>
          <reporter-output>
          </reporter-output>
        </test-method> <!-- runPurchases -->
        <test-method is-config="true" signature="closeBrowserAfterTC()[pri:0, instance:keyword.framework.KeywordDrivenFramework.KeywordDrivenTest@2c3dec30]" started-at="2025-11-20T17:19:05 IST" name="closeBrowserAfterTC" finished-at="2025-11-20T17:19:05 IST" duration-ms="0" status="PASS">
          <reporter-output>
          </reporter-output>
        </test-method> <!-- closeBrowserAfterTC -->
        <test-method is-config="true" signature="cleanupProfiles1()[pri:0, instance:keyword.framework.KeywordDrivenFramework.KeywordDrivenTest@2c3dec30]" started-at="2025-11-20T17:19:05 IST" name="cleanupProfiles1" finished-at="2025-11-20T17:19:05 IST" duration-ms="2" status="PASS">
          <reporter-output>
          </reporter-output>
        </test-method> <!-- cleanupProfiles1 -->
      </class> <!-- keyword.framework.KeywordDrivenFramework.KeywordDrivenTest -->
    </test> <!-- User2Runner -->
  </suite> <!-- KeywordDrivenSuite -->
</testng-results>
