<?xml version="1.0" encoding="UTF-8"?>
<testng-results ignored="0" total="4" passed="4" failed="0" skipped="0">
  <reporter-output>
  </reporter-output>
  <suite started-at="2025-11-18T17:59:29 IST" name="KeywordDrivenSuite" finished-at="2025-11-18T18:02:21 IST" duration-ms="171439">
    <groups>
    </groups>
    <test started-at="2025-11-18T17:59:29 IST" name="User1Runner" finished-at="2025-11-18T18:02:10 IST" duration-ms="160310">
      <class name="keyword.framework.KeywordDrivenFramework.KeywordDrivenTest">
        <test-method is-config="true" signature="setUser(java.lang.String)[pri:0, instance:keyword.framework.KeywordDrivenFramework.KeywordDrivenTest@53de625d]" started-at="2025-11-18T17:59:29 IST" name="setUser" finished-at="2025-11-18T17:59:30 IST" duration-ms="601" status="PASS">
          <params>
            <param index="0">
              <value>
                <![CDATA[User1]]>
              </value>
            </param>
          </params>
          <reporter-output>
          </reporter-output>
        </test-method> <!-- setUser -->
        <test-method signature="loginOnce()[pri:1, instance:keyword.framework.KeywordDrivenFramework.KeywordDrivenTest@53de625d]" started-at="2025-11-18T17:59:30 IST" name="loginOnce" finished-at="2025-11-18T17:59:42 IST" duration-ms="11882" status="PASS">
          <reporter-output>
          </reporter-output>
        </test-method> <!-- loginOnce -->
        <test-method is-config="true" signature="closeBrowserAfterTC()[pri:0, instance:keyword.framework.KeywordDrivenFramework.KeywordDrivenTest@53de625d]" started-at="2025-11-18T17:59:42 IST" name="closeBrowserAfterTC" finished-at="2025-11-18T17:59:42 IST" duration-ms="1" status="PASS">
          <reporter-output>
          </reporter-output>
        </test-method> <!-- closeBrowserAfterTC -->
        <test-method signature="runPurchases(java.lang.String)[pri:2, instance:keyword.framework.KeywordDrivenFramework.KeywordDrivenTest@53de625d]" started-at="2025-11-18T17:59:42 IST" name="runPurchases" data-provider="PurchaseGroupData" finished-at="2025-11-18T18:02:10 IST" duration-ms="147709" status="PASS">
          <params>
            <param index="0">
              <value>
                <![CDATA[USE_QUEUE]]>
              </value>
            </param>
          </params>
          <reporter-output>
          </reporter-output>
        </test-method> <!-- runPurchases -->
        <test-method is-config="true" signature="closeBrowserAfterTC()[pri:0, instance:keyword.framework.KeywordDrivenFramework.KeywordDrivenTest@53de625d]" started-at="2025-11-18T18:02:10 IST" name="closeBrowserAfterTC" finished-at="2025-11-18T18:02:10 IST" duration-ms="0" status="PASS">
          <reporter-output>
          </reporter-output>
        </test-method> <!-- closeBrowserAfterTC -->
      </class> <!-- keyword.framework.KeywordDrivenFramework.KeywordDrivenTest -->
    </test> <!-- User1Runner -->
    <test started-at="2025-11-18T17:59:29 IST" name="User2Runner" finished-at="2025-11-18T18:02:21 IST" duration-ms="171439">
      <class name="keyword.framework.KeywordDrivenFramework.KeywordDrivenTest">
        <test-method is-config="true" signature="setUser(java.lang.String)[pri:0, instance:keyword.framework.KeywordDrivenFramework.KeywordDrivenTest@34a97744]" started-at="2025-11-18T17:59:29 IST" name="setUser" finished-at="2025-11-18T17:59:30 IST" duration-ms="601" status="PASS">
          <params>
            <param index="0">
              <value>
                <![CDATA[User2]]>
              </value>
            </param>
          </params>
          <reporter-output>
          </reporter-output>
        </test-method> <!-- setUser -->
        <test-method signature="loginOnce()[pri:1, instance:keyword.framework.KeywordDrivenFramework.KeywordDrivenTest@34a97744]" started-at="2025-11-18T17:59:30 IST" name="loginOnce" finished-at="2025-11-18T17:59:42 IST" duration-ms="12106" status="PASS">
          <reporter-output>
          </reporter-output>
        </test-method> <!-- loginOnce -->
        <test-method is-config="true" signature="closeBrowserAfterTC()[pri:0, instance:keyword.framework.KeywordDrivenFramework.KeywordDrivenTest@34a97744]" started-at="2025-11-18T17:59:42 IST" name="closeBrowserAfterTC" finished-at="2025-11-18T17:59:42 IST" duration-ms="1" status="PASS">
          <reporter-output>
          </reporter-output>
        </test-method> <!-- closeBrowserAfterTC -->
        <test-method signature="runPurchases(java.lang.String)[pri:2, instance:keyword.framework.KeywordDrivenFramework.KeywordDrivenTest@34a97744]" started-at="2025-11-18T17:59:42 IST" name="runPurchases" data-provider="PurchaseGroupData" finished-at="2025-11-18T18:02:21 IST" duration-ms="158652" status="PASS">
          <params>
            <param index="0">
              <value>
                <![CDATA[USE_QUEUE]]>
              </value>
            </param>
          </params>
          <reporter-output>
          </reporter-output>
        </test-method> <!-- runPurchases -->
        <test-method is-config="true" signature="closeBrowserAfterTC()[pri:0, instance:keyword.framework.KeywordDrivenFramework.KeywordDrivenTest@34a97744]" started-at="2025-11-18T18:02:21 IST" name="closeBrowserAfterTC" finished-at="2025-11-18T18:02:21 IST" duration-ms="0" status="PASS">
          <reporter-output>
          </reporter-output>
        </test-method> <!-- closeBrowserAfterTC -->
        <test-method is-config="true" signature="cleanupProfiles1()[pri:0, instance:keyword.framework.KeywordDrivenFramework.KeywordDrivenTest@34a97744]" started-at="2025-11-18T18:02:21 IST" name="cleanupProfiles1" finished-at="2025-11-18T18:02:21 IST" duration-ms="0" status="PASS">
          <reporter-output>
          </reporter-output>
        </test-method> <!-- cleanupProfiles1 -->
      </class> <!-- keyword.framework.KeywordDrivenFramework.KeywordDrivenTest -->
    </test> <!-- User2Runner -->
  </suite> <!-- KeywordDrivenSuite -->
</testng-results>
