<?xml version="1.0" encoding="UTF-8"?>
<testng-results ignored="0" total="2" passed="2" failed="0" skipped="0">
  <reporter-output>
  </reporter-output>
  <suite started-at="2025-12-04T12:11:26 IST" name="KeywordDrivenSuite" finished-at="2025-12-04T12:17:11 IST" duration-ms="345439">
    <groups>
    </groups>
    <test started-at="2025-12-04T12:11:26 IST" name="User1Runner" finished-at="2025-12-04T12:17:11 IST" duration-ms="345439">
      <class name="keyword.framework.KeywordDrivenFramework.KeywordDrivenTest">
        <test-method is-config="true" signature="setUser(java.lang.String)[pri:0, instance:keyword.framework.KeywordDrivenFramework.KeywordDrivenTest@42039326]" started-at="2025-12-04T12:11:26 IST" name="setUser" finished-at="2025-12-04T12:11:26 IST" duration-ms="881" status="PASS">
          <params>
            <param index="0">
              <value>
                <![CDATA[User1]]>
              </value>
            </param>
          </params>
          <reporter-output>
          </reporter-output>
        </test-method> <!-- setUser -->
        <test-method signature="loginOnce()[pri:1, instance:keyword.framework.KeywordDrivenFramework.KeywordDrivenTest@42039326]" started-at="2025-12-04T12:11:26 IST" name="loginOnce" finished-at="2025-12-04T12:11:41 IST" duration-ms="14823" status="PASS">
          <reporter-output>
          </reporter-output>
        </test-method> <!-- loginOnce -->
        <test-method is-config="true" signature="closeBrowserAfterTC()[pri:0, instance:keyword.framework.KeywordDrivenFramework.KeywordDrivenTest@42039326]" started-at="2025-12-04T12:11:41 IST" name="closeBrowserAfterTC" finished-at="2025-12-04T12:11:41 IST" duration-ms="1" status="PASS">
          <reporter-output>
          </reporter-output>
        </test-method> <!-- closeBrowserAfterTC -->
        <test-method signature="runPurchases(java.lang.String)[pri:2, instance:keyword.framework.KeywordDrivenFramework.KeywordDrivenTest@42039326]" started-at="2025-12-04T12:11:41 IST" name="runPurchases" data-provider="PurchaseGroupData" finished-at="2025-12-04T12:17:11 IST" duration-ms="329536" status="PASS">
          <params>
            <param index="0">
              <value>
                <![CDATA[USE_QUEUE]]>
              </value>
            </param>
          </params>
          <reporter-output>
          </reporter-output>
        </test-method> <!-- runPurchases -->
        <test-method is-config="true" signature="closeBrowserAfterTC()[pri:0, instance:keyword.framework.KeywordDrivenFramework.KeywordDrivenTest@42039326]" started-at="2025-12-04T12:17:11 IST" name="closeBrowserAfterTC" finished-at="2025-12-04T12:17:11 IST" duration-ms="0" status="PASS">
          <reporter-output>
          </reporter-output>
        </test-method> <!-- closeBrowserAfterTC -->
        <test-method is-config="true" signature="cleanupProfiles()[pri:0, instance:keyword.framework.KeywordDrivenFramework.KeywordDrivenTest@42039326]" started-at="2025-12-04T12:17:11 IST" name="cleanupProfiles" finished-at="2025-12-04T12:17:12 IST" duration-ms="517" status="PASS">
          <reporter-output>
          </reporter-output>
        </test-method> <!-- cleanupProfiles -->
      </class> <!-- keyword.framework.KeywordDrivenFramework.KeywordDrivenTest -->
    </test> <!-- User1Runner -->
  </suite> <!-- KeywordDrivenSuite -->
</testng-results>
