<?xml version="1.0" encoding="UTF-8"?>
<!-- Generated by org.testng.reporters.JUnitReportReporter -->
<testsuite hostname="FTTEMP-002" failures="0" tests="2" name="keyword.framework.KeywordDrivenFramework.KeywordDrivenTest" time="344.360" errors="0" timestamp="2025-12-04T12:17:12 IST" skipped="0">
  <testcase classname="keyword.framework.KeywordDrivenFramework.KeywordDrivenTest" name="loginOnce" time="14.823"/>
  <testcase classname="keyword.framework.KeywordDrivenFramework.KeywordDrivenTest" name="runPurchases" time="329.537"/>
</testsuite> <!-- keyword.framework.KeywordDrivenFramework.KeywordDrivenTest -->
