<?xml version="1.0" encoding="UTF-8"?>
<!-- Generated by org.testng.reporters.JUnitReportReporter -->
<testsuite hostname="FTTEMP-002" failures="0" tests="2" name="keyword.framework.KeywordDrivenFramework.KeywordDrivenTest" time="334.107" errors="0" timestamp="2025-11-29T17:47:20 IST" skipped="0">
  <testcase classname="keyword.framework.KeywordDrivenFramework.KeywordDrivenTest" name="loginOnce" time="12.826"/>
  <testcase classname="keyword.framework.KeywordDrivenFramework.KeywordDrivenTest" name="runPurchases" time="321.281"/>
</testsuite> <!-- keyword.framework.KeywordDrivenFramework.KeywordDrivenTest -->
